<?xml version="1.0" encoding="UTF-8"?>
<!-- Generated by org.testng.reporters.JUnitXMLReporter -->
<testsuite ignored="0" hostname="nhat" failures="0" tests="5" name="Default test" time="43.713" errors="0" timestamp="2026-03-02T22:53:05 ICT">
  <testcase classname="testj4.dienmayxanhlogintest" name="TC01_ValidPhone" time="6.555"/>
  <testcase classname="testj4.dienmayxanhlogintest" name="TC02_InvalidPhone" time="5.442"/>
  <testcase classname="testj4.dienmayxanhlogintest" name="TC03_PhoneWithLetters" time="5.478"/>
  <testcase classname="testj4.dienmayxanhlogintest" name="TC04_EmptyPhone" time="6.012"/>
  <testcase classname="testj4.dienmayxanhlogintest" name="TC05_SpecialCharacters" time="5.245"/>
</testsuite> <!-- Default test -->
