<?xml version="1.0" encoding="UTF-8"?>
<!-- Generated by org.testng.reporters.JUnitReportReporter -->
<testsuite hostname="nhat" failures="0" tests="5" name="testj4.dienmayxanhlogintest" time="43.633" errors="0" timestamp="2026-03-02T22:53:05 ICT" skipped="0">
  <testcase classname="testj4.dienmayxanhlogintest" name="TC01_ValidPhone" time="9.793"/>
  <testcase classname="testj4.dienmayxanhlogintest" name="TC02_InvalidPhone" time="8.976"/>
  <testcase classname="testj4.dienmayxanhlogintest" name="TC04_EmptyPhone" time="8.898"/>
  <testcase classname="testj4.dienmayxanhlogintest" name="TC03_PhoneWithLetters" time="8.336"/>
  <testcase classname="testj4.dienmayxanhlogintest" name="TC05_SpecialCharacters" time="7.630"/>
</testsuite> <!-- testj4.dienmayxanhlogintest -->
